Flow report for jop
Tue Jan 27 20:47:00 2009
Quartus II Version 7.2 Build 207 03/18/2008 Service Pack 3 SJ Web Edition


---------------------
; Table of Contents ;
---------------------
  1. Legal Notice
  2. Flow Summary
  3. Flow Settings
  4. Flow Non-Default Global Settings
  5. Flow Elapsed Time
  6. Flow Log



----------------
; Legal Notice ;
----------------
Copyright (C) 1991-2007 Altera Corporation
Your use of Altera Corporation's design tools, logic functions 
and other software and tools, and its AMPP partner logic 
functions, and any output files from any of the foregoing 
(including device programming or simulation files), and any 
associated documentation or information are expressly subject 
to the terms and conditions of the Altera Program License 
Subscription Agreement, Altera MegaCore Function License 
Agreement, or other applicable license agreement, including, 
without limitation, that your use is for the sole purpose of 
programming logic devices manufactured by Altera and sold by 
Altera or its authorized distributors.  Please refer to the 
applicable agreement for further details.



+-----------------------------------------------------------------------------------+
; Flow Summary                                                                      ;
+------------------------------------+----------------------------------------------+
; Flow Status                        ; Successful - Tue Jan 27 20:46:59 2009        ;
; Quartus II Version                 ; 7.2 Build 207 03/18/2008 SP 3 SJ Web Edition ;
; Revision Name                      ; jop                                          ;
; Top-level Entity Name              ; jop                                          ;
; Family                             ; Cyclone II                                   ;
; Device                             ; EP2C35F672C6                                 ;
; Timing Models                      ; Final                                        ;
; Met timing requirements            ; Yes                                          ;
; Total logic elements               ; 3,901 / 33,216 ( 12 % )                      ;
;     Total combinational functions  ; 3,554 / 33,216 ( 11 % )                      ;
;     Dedicated logic registers      ; 1,730 / 33,216 ( 5 % )                       ;
; Total registers                    ; 1800                                         ;
; Total pins                         ; 189 / 475 ( 40 % )                           ;
; Total virtual pins                 ; 0                                            ;
; Total memory bits                  ; 87,040 / 483,840 ( 18 % )                    ;
; Embedded Multiplier 9-bit elements ; 0 / 70 ( 0 % )                               ;
; Total PLLs                         ; 1 / 4 ( 25 % )                               ;
+------------------------------------+----------------------------------------------+


+-----------------------------------------+
; Flow Settings                           ;
+-------------------+---------------------+
; Option            ; Setting             ;
+-------------------+---------------------+
; Start date & time ; 01/27/2009 20:44:25 ;
; Main task         ; Compilation         ;
; Revision Name     ; jop                 ;
+-------------------+---------------------+


+-------------------------------------------------------------------------------------+
; Flow Non-Default Global Settings                                                    ;
+--------------------------------+---------+---------------+-------------+------------+
; Assignment Name                ; Value   ; Default Value ; Entity Name ; Section Id ;
+--------------------------------+---------+---------------+-------------+------------+
; CYCLONE_OPTIMIZATION_TECHNIQUE ; Speed   ; Balanced      ; --          ; --         ;
; IGNORE_CLOCK_SETTINGS          ; On      ; Off           ; --          ; --         ;
; PARTITION_COLOR                ; 2147039 ; --            ; --          ; Top        ;
; PARTITION_NETLIST_TYPE         ; SOURCE  ; --            ; --          ; Top        ;
; TCO_REQUIREMENT                ; 10 ns   ; --            ; --          ; --         ;
; TSU_REQUIREMENT                ; 5 ns    ; --            ; --          ; --         ;
+--------------------------------+---------+---------------+-------------+------------+


+------------------------------------------------------------------+
; Flow Elapsed Time                                                ;
+-------------------------+--------------+-------------------------+
; Module Name             ; Elapsed Time ; Average Processors Used ;
+-------------------------+--------------+-------------------------+
; Analysis & Synthesis    ; 00:00:47     ; 1.0                     ;
; Fitter                  ; 00:01:29     ; 1.0                     ;
; Assembler               ; 00:00:10     ; 1.0                     ;
; Classic Timing Analyzer ; 00:00:03     ; 1.0                     ;
; Total                   ; 00:02:29     ; --                      ;
+-------------------------+--------------+-------------------------+


------------
; Flow Log ;
------------
quartus_map --read_settings_files=on --write_settings_files=off jop -c jop
quartus_fit --read_settings_files=off --write_settings_files=off jop -c jop
quartus_asm --read_settings_files=off --write_settings_files=off jop -c jop
quartus_tan --read_settings_files=off --write_settings_files=off jop -c jop --timing_analysis_only



