MIF/HEX Update report for jop
Tue Jan 27 18:00:27 2009
Quartus II Version 7.2 Build 207 03/18/2008 Service Pack 3 SJ Web Edition


---------------------
; Table of Contents ;
---------------------
  1. Legal Notice
  2. MIF/HEX Update Summary
  3. MIF/HEX Update Processed Files
  4. MIF/HEX Update Messages



----------------
; Legal Notice ;
----------------
Copyright (C) 1991-2007 Altera Corporation
Your use of Altera Corporation's design tools, logic functions 
and other software and tools, and its AMPP partner logic 
functions, and any output files from any of the foregoing 
(including device programming or simulation files), and any 
associated documentation or information are expressly subject 
to the terms and conditions of the Altera Program License 
Subscription Agreement, Altera MegaCore Function License 
Agreement, or other applicable license agreement, including, 
without limitation, that your use is for the sole purpose of 
programming logic devices manufactured by Altera and sold by 
Altera or its authorized distributors.  Please refer to the 
applicable agreement for further details.



+---------------------------------------------------------------+
; MIF/HEX Update Summary                                        ;
+-----------------------+---------------------------------------+
; MIF/HEX Update Status ; Successful - Tue Jan 27 18:00:27 2009 ;
; Revision Name         ; jop                                   ;
; Top-level Entity Name ; jop                                   ;
; Family                ; Cyclone II                            ;
; Device                ; EP2C35F672C6                          ;
+-----------------------+---------------------------------------+


+---------------------------------------------------+
; MIF/HEX Update Processed Files                    ;
+---------------------------------------------------+
; File Name                                         ;
+---------------------------------------------------+
; D:/Delta/myjop/asm/generated/ram.mif              ;
; D:/Delta/myjop/asm/generated/rom.mif              ;
; D:/Delta/myjop/quartus/altde2sram/db/jop0.rtl.mif ;
+---------------------------------------------------+


+-------------------------+
; MIF/HEX Update Messages ;
+-------------------------+
Info: *******************************************************************
Info: Running Quartus II MIF/HEX Update
    Info: Version 7.2 Build 207 03/18/2008 Service Pack 3 SJ Web Edition
    Info: Processing started: Tue Jan 27 18:00:26 2009
Info: Command: quartus_cdb jop -c jop --update_mif
Warning: 768 out of 1024 addresses uninitialized. Initializing them to "0". 1 warnings found. Reporting 1.
    Warning: Address range from 256 to 1023 are not initialized. 
Warning: 50 out of 1024 addresses are reinitialized. Last initialized data will be replacing the previous data. 50 warnings found. Reporting 10.
    Warning: Address 0 is reinitialized. 
    Warning: Address 1 is reinitialized. 
    Warning: Address 2 is reinitialized. 
    Warning: Address 3 is reinitialized. 
    Warning: Address 4 is reinitialized. 
    Warning: Address 5 is reinitialized. 
    Warning: Address 6 is reinitialized. 
    Warning: Address 7 is reinitialized. 
    Warning: Address 8 is reinitialized. 
    Warning: Address 9 is reinitialized. 
Warning: 933 out of 2048 addresses uninitialized. Initializing them to "0". 1 warnings found. Reporting 1.
    Warning: Address range from 1115 to 2047 are not initialized. 
Warning: 512 out of 2048 addresses are reinitialized. Last initialized data will be replacing the previous data. 512 warnings found. Reporting 10.
    Warning: Address 0 is reinitialized. 
    Warning: Address 1 is reinitialized. 
    Warning: Address 2 is reinitialized. 
    Warning: Address 3 is reinitialized. 
    Warning: Address 4 is reinitialized. 
    Warning: Address 5 is reinitialized. 
    Warning: Address 6 is reinitialized. 
    Warning: Address 7 is reinitialized. 
    Warning: Address 8 is reinitialized. 
    Warning: Address 9 is reinitialized. 
Info: Processed the following Memory Initialization File(s)
    Info: Processed Memory Initialization File D:/Delta/myjop/asm/generated/ram.mif
    Info: Processed Memory Initialization File D:/Delta/myjop/asm/generated/rom.mif
    Info: Processed Memory Initialization File D:/Delta/myjop/quartus/altde2sram/db/jop0.rtl.mif
Info: Quartus II MIF/HEX Update was successful. 0 errors, 26 warnings
    Info: Allocated 152 megabytes of memory during processing
    Info: Processing ended: Tue Jan 27 18:00:27 2009
    Info: Elapsed time: 00:00:01


